<?xml version="1.0" encoding="UTF-8"?>
<testsuite xmlns:xsi="http://www.w3.org/2001/XMLSchema-instance" xsi:noNamespaceSchemaLocation="https://maven.apache.org/surefire/maven-surefire-plugin/xsd/surefire-test-report-3.0.xsd" version="3.0" name="edu.fractalFlame.entitiesTests.TestsForFractalImage" time="0.234" tests="3" errors="0" skipped="0" failures="0">
  <properties>
[...]
</properties>
  <testcase name="createFractalImageTest" classname="edu.fractalFlame.entitiesTests.TestsForFractalImage" time="0.117"/>
  <testcase name="fractalImagePixelTest" classname="edu.fractalFlame.entitiesTests.TestsForFractalImage" time="0.004"/>
  <testcase name="fractalImageContainsTest" classname="edu.fractalFlame.entitiesTests.TestsForFractalImage" time="0.073"/>
</testsuite>